<?xml version="1.0" encoding="UTF-8"?>
<!-- Generated by org.testng.reporters.JUnitReportReporter -->
<testsuite hostname="Rehansgamingdevice" failures="0" tests="1" name="TestRunner.Run" time="8.164" errors="0" timestamp="2025-02-17T16:51:19 IST" skipped="0">
  <testcase classname="TestRunner.Run" name="runScenario" time="8.164"/>
</testsuite> <!-- TestRunner.Run -->
