<?xml version="1.0" encoding="UTF-8"?>
<!-- Generated by org.testng.reporters.JUnitReportReporter -->
<testsuite hostname="Rehansgamingdevice" failures="0" tests="3" name="TestRunner.Run" time="24.146" errors="0" timestamp="2025-02-20T13:52:00 IST" skipped="0">
  <testcase classname="TestRunner.Run" name="runScenario" time="10.674"/>
  <testcase classname="TestRunner.Run" name="runScenario" time="8.043"/>
  <testcase classname="TestRunner.Run" name="runScenario" time="5.429"/>
</testsuite> <!-- TestRunner.Run -->
