<?xml version="1.0" encoding="UTF-8"?>
<!-- Generated by org.testng.reporters.JUnitReportReporter -->
<testsuite hostname="Rehansgamingdevice" failures="0" tests="1" name="TestRunner.RunTest" time="0.008" errors="0" timestamp="2025-02-17T12:30:13 IST" skipped="0">
  <testcase classname="TestRunner.RunTest" name="f" time="0.008"/>
</testsuite> <!-- TestRunner.RunTest -->
