<?xml version="1.0" encoding="UTF-8"?>
<!-- Generated by org.testng.reporters.JUnitReportReporter -->
<testsuite hostname="Rehansgamingdevice" failures="0" tests="1" name="TestRunner.Run" time="8.355" errors="0" timestamp="2025-02-18T12:53:56 IST" skipped="0">
  <testcase classname="TestRunner.Run" name="runScenario" time="8.355"/>
</testsuite> <!-- TestRunner.Run -->
